<?xml version="1.0" encoding="UTF-8"?>
<!-- Generated by org.testng.reporters.JUnitReportReporter -->
<testsuite hostname="LAPTOP-G78KK4VM" failures="0" tests="1" name="TestNG.backToHome" time="9.054" errors="0" timestamp="2023-02-22T13:13:16 IST" skipped="0">
  <testcase classname="TestNG.backToHome" name="VerifyBackToHome" time="9.054"/>
  <system-out/>
</testsuite> <!-- TestNG.backToHome -->
