<?xml version="1.0" encoding="UTF-8"?>
<!-- Generated by org.testng.reporters.JUnitReportReporter -->
<testsuite hostname="LAPTOP-G78KK4VM" failures="0" tests="1" name="TestNG.LoginSwagLab" time="3.839" errors="0" timestamp="2023-02-22T12:44:20 IST" skipped="0">
  <testcase classname="TestNG.LoginSwagLab" name="launchingWeb" time="3.839"/>
  <system-out/>
</testsuite> <!-- TestNG.LoginSwagLab -->
