<?xml version="1.0" encoding="UTF-8"?>
<!-- Generated by org.testng.reporters.JUnitReportReporter -->
<testsuite hostname="LAPTOP-G78KK4VM" failures="0" tests="1" name="mavenprojectswaglabselenium.goToLinkedin" time="9.384" errors="0" timestamp="2023-02-22T13:58:48 IST" skipped="0">
  <testcase classname="mavenprojectswaglabselenium.goToLinkedin" name="scrollTwitter" time="9.384"/>
  <system-out/>
</testsuite> <!-- mavenprojectswaglabselenium.goToLinkedin -->
