<?xml version="1.0" encoding="UTF-8"?>
<!-- Generated by org.testng.reporters.JUnitReportReporter -->
<testsuite hostname="LAPTOP-G78KK4VM" failures="0" tests="1" name="TestNG.ErrorMessage" time="4.802" errors="0" timestamp="2023-02-22T13:55:40 IST" skipped="0">
  <testcase classname="TestNG.ErrorMessage" name="ErrorMessageDisplayed" time="4.802"/>
  <system-out/>
</testsuite> <!-- TestNG.ErrorMessage -->
