<?xml version="1.0" encoding="UTF-8"?>
<!-- Generated by org.testng.reporters.JUnitReportReporter -->
<testsuite hostname="LAPTOP-G78KK4VM" failures="0" tests="1" name="TestNG.Logout" time="8.757" errors="0" timestamp="2023-02-22T13:09:02 IST" skipped="0">
  <testcase classname="TestNG.Logout" name="Logout" time="8.757"/>
  <system-out/>
</testsuite> <!-- TestNG.Logout -->
