<?xml version="1.0" encoding="UTF-8"?>
<!-- Generated by org.testng.reporters.JUnitReportReporter -->
<testsuite hostname="LAPTOP-G78KK4VM" failures="0" tests="1" name="TestNG.About" time="20.322" errors="0" timestamp="2023-02-22T13:36:16 IST" skipped="0">
  <testcase classname="TestNG.About" name="About" time="20.322"/>
  <system-out/>
</testsuite> <!-- TestNG.About -->
