<?xml version="1.0" encoding="UTF-8"?>
<!-- Generated by org.testng.reporters.JUnitReportReporter -->
<testsuite hostname="LAPTOP-G78KK4VM" failures="0" tests="1" name="TestNG.contiueShopping" time="8.295" errors="0" timestamp="2023-02-22T13:03:01 IST" skipped="0">
  <testcase classname="TestNG.contiueShopping" name="ContinueShopping" time="8.295"/>
  <system-out/>
</testsuite> <!-- TestNG.contiueShopping -->
