<?xml version="1.0" encoding="UTF-8"?>
<!-- Generated by org.testng.reporters.JUnitReportReporter -->
<testsuite hostname="LAPTOP-G78KK4VM" failures="0" tests="1" name="TestNG.addToCart" time="3.961" errors="0" timestamp="2023-02-22T12:42:03 IST" skipped="0">
  <testcase classname="TestNG.addToCart" name="clickOnCart" time="3.961"/>
  <system-out/>
</testsuite> <!-- TestNG.addToCart -->
