<?xml version="1.0" encoding="UTF-8"?>
<!-- Generated by org.testng.reporters.JUnitReportReporter -->
<testsuite hostname="LAPTOP-G78KK4VM" failures="0" tests="1" name="TestNG.removeProduct" time="8.103" errors="0" timestamp="2023-02-22T13:10:58 IST" skipped="0">
  <testcase classname="TestNG.removeProduct" name="remove" time="8.103"/>
  <system-out/>
</testsuite> <!-- TestNG.removeProduct -->
