<?xml version="1.0" encoding="UTF-8"?>
<!-- Generated by org.testng.reporters.JUnitReportReporter -->
<testsuite hostname="LAPTOP-G78KK4VM" failures="0" tests="1" name="mavenprojectswaglabselenium.contiueShopping" time="5.332" errors="0" timestamp="2023-02-22T13:58:48 IST" skipped="0">
  <testcase classname="mavenprojectswaglabselenium.contiueShopping" name="ContinueShopping" time="5.332"/>
  <system-out/>
</testsuite> <!-- mavenprojectswaglabselenium.contiueShopping -->
