<?xml version="1.0" encoding="UTF-8"?>
<!-- Generated by org.testng.reporters.JUnitReportReporter -->
<testsuite hostname="LAPTOP-G78KK4VM" failures="0" tests="1" name="TestNG.CancelOrder" time="8.914" errors="0" timestamp="2023-02-22T13:16:54 IST" skipped="0">
  <testcase classname="TestNG.CancelOrder" name="verifyCancelOrder" time="8.914"/>
  <system-out/>
</testsuite> <!-- TestNG.CancelOrder -->
