<?xml version="1.0" encoding="UTF-8"?>
<!-- Generated by org.testng.reporters.JUnitReportReporter -->
<testsuite hostname="LAPTOP-G78KK4VM" failures="0" tests="1" name="mavenprojectswaglabselenium.goToFacebook" time="10.716" errors="0" timestamp="2023-02-22T13:58:48 IST" skipped="0">
  <testcase classname="mavenprojectswaglabselenium.goToFacebook" name="scrollToFaceboook" time="10.716"/>
  <system-out/>
</testsuite> <!-- mavenprojectswaglabselenium.goToFacebook -->
