<?xml version="1.0" encoding="UTF-8"?>
<!-- Generated by org.testng.reporters.JUnitReportReporter -->
<testsuite hostname="LAPTOP-G78KK4VM" failures="0" tests="1" name="TestNG.goToFacebook" time="4.506" errors="0" timestamp="2023-02-22T12:45:55 IST" skipped="0">
  <testcase classname="TestNG.goToFacebook" name="scrollToFaceboook" time="4.506"/>
  <system-out/>
</testsuite> <!-- TestNG.goToFacebook -->
