<?xml version="1.0" encoding="UTF-8"?>
<!-- Generated by org.testng.reporters.JUnitReportReporter -->
<testsuite hostname="LAPTOP-G78KK4VM" failures="0" tests="1" name="mavenprojectswaglabselenium.removeProduct" time="5.601" errors="0" timestamp="2023-02-22T13:58:48 IST" skipped="0">
  <testcase classname="mavenprojectswaglabselenium.removeProduct" name="remove" time="5.601"/>
  <system-out/>
</testsuite> <!-- mavenprojectswaglabselenium.removeProduct -->
